<?xml version="1.0" encoding="UTF-8"?>
<!-- Generated by org.testng.reporters.JUnitXMLReporter -->
<testsuite ignored="4" hostname="DESKTOP-EER3MNQ" failures="0" tests="1" name="Default test" time="10.712" errors="0" timestamp="2021-02-15T22:37:12 ART">
  <testcase classname="TestCases" name="validateHomeScreen" time="4.987"/>
  <testcase classname="TestCases" name="loginTestEmptyFields" time="0.0">
    <ignored/>
  </testcase> <!-- loginTestEmptyFields -->
  <testcase classname="TestCases" name="loginTestWrongPassword" time="0.0">
    <ignored/>
  </testcase> <!-- loginTestWrongPassword -->
  <testcase classname="TestCases" name="loginTestWrongEmail" time="0.0">
    <ignored/>
  </testcase> <!-- loginTestWrongEmail -->
  <testcase classname="TestCases" name="loginTestCorrectEmailAndPassword" time="0.0">
    <ignored/>
  </testcase> <!-- loginTestCorrectEmailAndPassword -->
</testsuite> <!-- Default test -->
