<?xml version="1.0" encoding="UTF-8"?>
<!-- Generated by org.testng.reporters.JUnitXMLReporter -->
<testsuite ignored="4" hostname="DESKTOP-EER3MNQ" failures="0" tests="5" name="Default test" time="33.256" errors="0" timestamp="2021-02-16T02:13:00 ART">
  <testcase classname="TestCases" name="validateHomeScreen" time="3.592"/>
  <testcase classname="TestCases" name="logInHomeScreen" time="4.527"/>
  <testcase classname="TestCases" name="logOutHomeScreen" time="4.644"/>
  <testcase classname="TestCases" name="searchTest1" time="7.305"/>
  <testcase classname="TestCases" name="searchTest2" time="7.55"/>
  <testcase classname="TestCases" name="loginTestEmptyFields" time="0.0">
    <ignored/>
  </testcase> <!-- loginTestEmptyFields -->
  <testcase classname="TestCases" name="loginTestWrongPassword" time="0.0">
    <ignored/>
  </testcase> <!-- loginTestWrongPassword -->
  <testcase classname="TestCases" name="loginTestWrongEmail" time="0.0">
    <ignored/>
  </testcase> <!-- loginTestWrongEmail -->
  <testcase classname="TestCases" name="loginTestCorrectEmailAndPassword" time="0.0">
    <ignored/>
  </testcase> <!-- loginTestCorrectEmailAndPassword -->
</testsuite> <!-- Default test -->
