<?xml version="1.0" encoding="UTF-8"?>
<testng-results ignored="4" total="5" passed="1" failed="0" skipped="0">
  <reporter-output>
  </reporter-output>
  <suite started-at="2021-02-15T22:37:01 ART" name="Default suite" finished-at="2021-02-15T22:37:12 ART" duration-ms="10712">
    <groups>
    </groups>
    <test started-at="2021-02-15T22:37:01 ART" name="Default test" finished-at="2021-02-15T22:37:12 ART" duration-ms="10712">
      <class name="TestCases">
        <test-method is-config="true" signature="setUpDriver()[pri:0, instance:TestCases@124c278f]" started-at="2021-02-15T22:37:01 ART" name="setUpDriver" finished-at="2021-02-15T22:37:03 ART" duration-ms="1624" status="PASS">
          <reporter-output>
          </reporter-output>
        </test-method> <!-- setUpDriver -->
        <test-method signature="validateHomeScreen()[pri:0, instance:TestCases@124c278f]" started-at="2021-02-15T22:37:03 ART" name="validateHomeScreen" description="Open Chrome web browser and navigate to https://www.amazon.com/" finished-at="2021-02-15T22:37:08 ART" duration-ms="4987" status="PASS">
          <reporter-output>
          </reporter-output>
        </test-method> <!-- validateHomeScreen -->
        <test-method is-config="true" signature="tearDown()[pri:0, instance:TestCases@124c278f]" started-at="2021-02-15T22:37:08 ART" name="tearDown" finished-at="2021-02-15T22:37:12 ART" duration-ms="4072" status="PASS">
          <reporter-output>
          </reporter-output>
        </test-method> <!-- tearDown -->
      </class> <!-- TestCases -->
    </test> <!-- Default test -->
  </suite> <!-- Default suite -->
</testng-results>
